<?xml version="1.0" encoding="UTF-8"?>
<!-- Generated by org.testng.reporters.JUnitXMLReporter -->
<testsuite hostname="WIN-GEDESCREUP8" ignored="0" name="Default test" tests="2" failures="0" timestamp="06 Mar 2018 01:46:09 GMT" time="19.155" errors="0">
  <testcase name="runScenario" time="4.372" classname="cucumber.api.testng.AbstractTestNGCucumberTests"/>
  <testcase name="runScenario" time="5.359" classname="cucumber.api.testng.AbstractTestNGCucumberTests"/>
</testsuite> <!-- Default test -->
